0 info it worked if it ends with ok
1 verbose cli [ 'C:\\Users\\alverer\\AppData\\Roaming\\npm\\node.exe',
1 verbose cli   'C:\\Users\\alverer\\AppData\\Roaming\\npm\\node_modules\\npm\\bin\\npm-cli.js',
1 verbose cli   'run',
1 verbose cli   'transfer' ]
2 info using npm@3.10.9
3 info using node@v7.1.0
4 verbose run-script [ 'pretransfer', 'transfer', 'posttransfer' ]
5 info lifecycle angular-quickstart@1.0.0~pretransfer: angular-quickstart@1.0.0
6 silly lifecycle angular-quickstart@1.0.0~pretransfer: no script for pretransfer, continuing
7 info lifecycle angular-quickstart@1.0.0~transfer: angular-quickstart@1.0.0
8 verbose lifecycle angular-quickstart@1.0.0~transfer: unsafe-perm in lifecycle true
9 verbose lifecycle angular-quickstart@1.0.0~transfer: PATH: C:\Users\alverer\AppData\Roaming\npm\node_modules\npm\bin\node-gyp-bin;C:\Users\alverer\Documents\GitHub\ProtoSSjs\node_modules\.bin;C:\ProgramData\Oracle\Java\javapath;C:\WINDOWS\system32;C:\WINDOWS;C:\WINDOWS\System32\Wbem;C:\WINDOWS\System32\WindowsPowerShell\v1.0\;C:\WINDOWS\System32\WindowsPowerShell\v1.0\;C:\Program Files (x86)\Microsoft Application Virtualization Client;C:\Program Files\Citrix\System32\;C:\Program Files\Citrix\ICAService\;C:\Program Files\Citrix\Virtual Desktop Agent\;C:\Program Files (x86)\Windows Kits\8.1\Windows Performance Toolkit\;C:\Program Files\Microsoft SQL Server\110\Tools\Binn\;C:\Program Files\Microsoft SQL Server\110\DTS\Binn\;C:\Program Files (x86)\Microsoft SQL Server\110\Tools\Binn\ManagementStudio\;C:\Program Files (x86)\Microsoft SQL Server\110\Tools\Binn\;C:\Program Files (x86)\Microsoft Visual Studio 10.0\Common7\IDE\PrivateAssemblies\;C:\Program Files (x86)\Microsoft SQL Server\110\DTS\Binn\;C:\Program Files\TortoiseSVN\bin;C:\Program Files (x86)\Plantronics\Spokes3G\;C:\Users\alverer\AppData\Local\Programs\Git\cmd;C:\Users\alverer\nodejs\MongoDB\Server\3.4\bin;C:\ProgramData\chocolatey\bin;C:\Users\alverer\AppData\Roaming\npm;
10 verbose lifecycle angular-quickstart@1.0.0~transfer: CWD: C:\Users\alverer\Documents\GitHub\ProtoSSjs
11 silly lifecycle angular-quickstart@1.0.0~transfer: Args: [ '/d /s /c', '"xcopytosln.bat" "a"' ]
12 silly lifecycle angular-quickstart@1.0.0~transfer: Returned: code: 1  signal: null
13 info lifecycle angular-quickstart@1.0.0~transfer: Failed to exec transfer script
14 verbose stack Error: angular-quickstart@1.0.0 transfer: `"xcopytosln.bat" "a"`
14 verbose stack Exit status 1
14 verbose stack     at EventEmitter.<anonymous> (C:\Users\alverer\AppData\Roaming\npm\node_modules\npm\lib\utils\lifecycle.js:255:16)
14 verbose stack     at emitTwo (events.js:106:13)
14 verbose stack     at EventEmitter.emit (events.js:191:7)
14 verbose stack     at ChildProcess.<anonymous> (C:\Users\alverer\AppData\Roaming\npm\node_modules\npm\lib\utils\spawn.js:40:14)
14 verbose stack     at emitTwo (events.js:106:13)
14 verbose stack     at ChildProcess.emit (events.js:191:7)
14 verbose stack     at maybeClose (internal/child_process.js:885:16)
14 verbose stack     at Process.ChildProcess._handle.onexit (internal/child_process.js:226:5)
15 verbose pkgid angular-quickstart@1.0.0
16 verbose cwd C:\Users\alverer\Documents\GitHub\ProtoSSjs
17 error Windows_NT 6.1.7601
18 error argv "C:\\Users\\alverer\\AppData\\Roaming\\npm\\node.exe" "C:\\Users\\alverer\\AppData\\Roaming\\npm\\node_modules\\npm\\bin\\npm-cli.js" "run" "transfer"
19 error node v7.1.0
20 error npm  v3.10.9
21 error code ELIFECYCLE
22 error angular-quickstart@1.0.0 transfer: `"xcopytosln.bat" "a"`
22 error Exit status 1
23 error Failed at the angular-quickstart@1.0.0 transfer script '"xcopytosln.bat" "a"'.
23 error Make sure you have the latest version of node.js and npm installed.
23 error If you do, this is most likely a problem with the angular-quickstart package,
23 error not with npm itself.
23 error Tell the author that this fails on your system:
23 error     "xcopytosln.bat" "a"
23 error You can get information on how to open an issue for this project with:
23 error     npm bugs angular-quickstart
23 error Or if that isn't available, you can get their info via:
23 error     npm owner ls angular-quickstart
23 error There is likely additional logging output above.
24 verbose exit [ 1, true ]
